<?xml version="1.0" encoding="UTF-8"?>
<testsuite xmlns:xsi="http://www.w3.org/2001/XMLSchema-instance" xsi:noNamespaceSchemaLocation="https://maven.apache.org/surefire/maven-surefire-plugin/xsd/surefire-test-report.xsd" name="com.ecs160.hw.SelectedRepoConfigLoaderTest" time="0" tests="3" errors="0" skipped="0" failures="0">
  <properties>
[...]
</properties>
  <testcase name="Load_Missing_File_Test" classname="com.ecs160.hw.SelectedRepoConfigLoaderTest" time="0"/>
  <testcase name="Load_Valid_Config_Test" classname="com.ecs160.hw.SelectedRepoConfigLoaderTest" time="0"/>
  <testcase name="Load_Empty_File_Test" classname="com.ecs160.hw.SelectedRepoConfigLoaderTest" time="0"/>
</testsuite>