<?xml version="1.0" encoding="UTF-8"?>
<testsuite xmlns:xsi="http://www.w3.org/2001/XMLSchema-instance" xsi:noNamespaceSchemaLocation="https://maven.apache.org/surefire/maven-surefire-plugin/xsd/surefire-test-report.xsd" name="com.ecs160.hw.GitRepoClonerTest" time="3.002" tests="2" errors="0" skipped="0" failures="0">
  <properties>
[...]
</properties>
  <testcase name="Returns_Git_DIR_IF_EXIST_Test" classname="com.ecs160.hw.GitRepoClonerTest" time="2.982"/>
  <testcase name="Returns_DIR_if_GIT_Doesnt_exist_Test" classname="com.ecs160.hw.GitRepoClonerTest" time="0.016"/>
</testsuite>